  MainWindow.cpp
C:\Users\dudcz\source\repos\JippGra\JippGra\gameWindow.cpp(20,20): warning C4244: 'argument': conversion from 'unsigned int' to 'float', possible loss of data
C:\Users\dudcz\source\repos\JippGra\JippGra\gameWindow.cpp(36,42): warning C4244: 'argument': conversion from 'int' to 'float', possible loss of data
C:\Users\dudcz\source\repos\JippGra\JippGra\gameWindow.cpp(36,28): warning C4244: 'argument': conversion from 'int' to 'float', possible loss of data
C:\Users\dudcz\source\repos\JippGra\JippGra\settingsWindow.cpp(105,14): warning C4101: 'i': unreferenced local variable
C:\Users\dudcz\source\repos\JippGra\JippGra\settingsWindow.cpp(115,14): warning C4101: 'i': unreferenced local variable
C:\Users\dudcz\source\repos\JippGra\JippGra\MainWindow.cpp(240,142): warning C4244: 'argument': conversion from 'T' to 'T', possible loss of data
          with
          [
              T=float
          ]
          and
          [
              T=int
          ]
C:\Users\dudcz\source\repos\JippGra\JippGra\MainWindow.cpp(240,107): warning C4244: 'argument': conversion from 'T' to 'T', possible loss of data
          with
          [
              T=float
          ]
          and
          [
              T=int
          ]
C:\Users\dudcz\source\repos\JippGra\JippGra\MainWindow.cpp(240,76): warning C4244: 'argument': conversion from 'const T' to 'T', possible loss of data
          with
          [
              T=float
          ]
          and
          [
              T=int
          ]
C:\Users\dudcz\source\repos\JippGra\JippGra\MainWindow.cpp(240,49): warning C4244: 'argument': conversion from 'const T' to 'T', possible loss of data
          with
          [
              T=float
          ]
          and
          [
              T=int
          ]
  Menu.cpp
  gameWindow.cpp
C:\Users\dudcz\source\repos\JippGra\JippGra\gameWindow.cpp(20,20): warning C4244: 'argument': conversion from 'unsigned int' to 'float', possible loss of data
C:\Users\dudcz\source\repos\JippGra\JippGra\gameWindow.cpp(36,42): warning C4244: 'argument': conversion from 'int' to 'float', possible loss of data
C:\Users\dudcz\source\repos\JippGra\JippGra\gameWindow.cpp(36,28): warning C4244: 'argument': conversion from 'int' to 'float', possible loss of data
  main.cpp
C:\Users\dudcz\source\repos\JippGra\JippGra\gameWindow.cpp(20,20): warning C4244: 'argument': conversion from 'unsigned int' to 'float', possible loss of data
C:\Users\dudcz\source\repos\JippGra\JippGra\gameWindow.cpp(36,42): warning C4244: 'argument': conversion from 'int' to 'float', possible loss of data
C:\Users\dudcz\source\repos\JippGra\JippGra\gameWindow.cpp(36,28): warning C4244: 'argument': conversion from 'int' to 'float', possible loss of data
C:\Users\dudcz\source\repos\JippGra\JippGra\settingsWindow.cpp(105,14): warning C4101: 'i': unreferenced local variable
C:\Users\dudcz\source\repos\JippGra\JippGra\settingsWindow.cpp(115,14): warning C4101: 'i': unreferenced local variable
C:\Users\dudcz\source\repos\JippGra\JippGra\MainWindow.cpp(240,142): warning C4244: 'argument': conversion from 'T' to 'T', possible loss of data
          with
          [
              T=float
          ]
          and
          [
              T=int
          ]
C:\Users\dudcz\source\repos\JippGra\JippGra\MainWindow.cpp(240,107): warning C4244: 'argument': conversion from 'T' to 'T', possible loss of data
          with
          [
              T=float
          ]
          and
          [
              T=int
          ]
C:\Users\dudcz\source\repos\JippGra\JippGra\MainWindow.cpp(240,76): warning C4244: 'argument': conversion from 'const T' to 'T', possible loss of data
          with
          [
              T=float
          ]
          and
          [
              T=int
          ]
C:\Users\dudcz\source\repos\JippGra\JippGra\MainWindow.cpp(240,49): warning C4244: 'argument': conversion from 'const T' to 'T', possible loss of data
          with
          [
              T=float
          ]
          and
          [
              T=int
          ]
  settingsWindow.cpp
C:\Users\dudcz\source\repos\JippGra\JippGra\settingsWindow.cpp(105,14): warning C4101: 'i': unreferenced local variable
C:\Users\dudcz\source\repos\JippGra\JippGra\settingsWindow.cpp(115,14): warning C4101: 'i': unreferenced local variable
  Generating Code...
  JippGra.vcxproj -> C:\Users\dudcz\source\repos\JippGra\x64\Debug\JippGra.exe
